c:\users\jaasc\onedrive - abertay university\uni stuff\cmp105 - games programming\project\code\coursework\cmp105app\x64\debug\vc142.pdb
c:\users\jaasc\onedrive - abertay university\uni stuff\cmp105 - games programming\project\code\coursework\cmp105app\x64\debug\vc142.idb
c:\users\jaasc\onedrive - abertay university\uni stuff\cmp105 - games programming\project\code\coursework\cmp105app\x64\debug\gamestate.obj
c:\users\jaasc\onedrive - abertay university\uni stuff\cmp105 - games programming\project\code\coursework\cmp105app\x64\debug\collision.obj
c:\users\jaasc\onedrive - abertay university\uni stuff\cmp105 - games programming\project\code\coursework\cmp105app\x64\debug\baselevel.obj
c:\users\jaasc\onedrive - abertay university\uni stuff\cmp105 - games programming\project\code\coursework\cmp105app\x64\debug\audiomanager.obj
c:\users\jaasc\onedrive - abertay university\uni stuff\cmp105 - games programming\project\code\coursework\cmp105app\x64\debug\animation.obj
c:\users\jaasc\onedrive - abertay university\uni stuff\cmp105 - games programming\project\code\coursework\cmp105app\x64\debug\extendedcollision.obj
c:\users\jaasc\onedrive - abertay university\uni stuff\cmp105 - games programming\project\code\coursework\cmp105app\x64\debug\enemy.obj
c:\users\jaasc\onedrive - abertay university\uni stuff\cmp105 - games programming\project\code\coursework\cmp105app\x64\debug\dungeonexit.obj
c:\users\jaasc\onedrive - abertay university\uni stuff\cmp105 - games programming\project\code\coursework\cmp105app\x64\debug\dungeondivertilemap.obj
c:\users\jaasc\onedrive - abertay university\uni stuff\cmp105 - games programming\project\code\coursework\cmp105app\x64\debug\dragcontroller.obj
c:\users\jaasc\onedrive - abertay university\uni stuff\cmp105 - games programming\project\code\coursework\cmp105app\x64\debug\cursor.obj
c:\users\jaasc\onedrive - abertay university\uni stuff\cmp105 - games programming\project\code\coursework\cmp105app\x64\debug\configloader.obj
c:\users\jaasc\onedrive - abertay university\uni stuff\cmp105 - games programming\project\code\coursework\cmp105app\x64\debug\chestmanager.obj
c:\users\jaasc\onedrive - abertay university\uni stuff\cmp105 - games programming\project\code\coursework\cmp105app\x64\debug\chest.obj
c:\users\jaasc\onedrive - abertay university\uni stuff\cmp105 - games programming\project\code\coursework\cmp105app\x64\debug\character.obj
c:\users\jaasc\onedrive - abertay university\uni stuff\cmp105 - games programming\project\code\coursework\cmp105app\x64\debug\button.obj
c:\users\jaasc\onedrive - abertay university\uni stuff\cmp105 - games programming\project\code\coursework\cmp105app\x64\debug\backgroundmap.obj
c:\users\jaasc\onedrive - abertay university\uni stuff\cmp105 - games programming\project\code\coursework\cmp105app\x64\debug\background.obj
c:\users\jaasc\onedrive - abertay university\uni stuff\cmp105 - games programming\project\code\coursework\cmp105app\x64\debug\armour.obj
c:\users\jaasc\onedrive - abertay university\uni stuff\cmp105 - games programming\project\code\coursework\cmp105app\x64\debug\minotaur.obj
c:\users\jaasc\onedrive - abertay university\uni stuff\cmp105 - games programming\project\code\coursework\cmp105app\x64\debug\levelloaderbutton.obj
c:\users\jaasc\onedrive - abertay university\uni stuff\cmp105 - games programming\project\code\coursework\cmp105app\x64\debug\itemtooltip.obj
c:\users\jaasc\onedrive - abertay university\uni stuff\cmp105 - games programming\project\code\coursework\cmp105app\x64\debug\item.obj
c:\users\jaasc\onedrive - abertay university\uni stuff\cmp105 - games programming\project\code\coursework\cmp105app\x64\debug\inventorymanager.obj
c:\users\jaasc\onedrive - abertay university\uni stuff\cmp105 - games programming\project\code\coursework\cmp105app\x64\debug\inventory.obj
c:\users\jaasc\onedrive - abertay university\uni stuff\cmp105 - games programming\project\code\coursework\cmp105app\x64\debug\imp.obj
c:\users\jaasc\onedrive - abertay university\uni stuff\cmp105 - games programming\project\code\coursework\cmp105app\x64\debug\healthui.obj
c:\users\jaasc\onedrive - abertay university\uni stuff\cmp105 - games programming\project\code\coursework\cmp105app\x64\debug\gladiator.obj
c:\users\jaasc\onedrive - abertay university\uni stuff\cmp105 - games programming\project\code\coursework\cmp105app\x64\debug\vectorhelper.obj
c:\users\jaasc\onedrive - abertay university\uni stuff\cmp105 - games programming\project\code\coursework\cmp105app\x64\debug\tilemap.obj
c:\users\jaasc\onedrive - abertay university\uni stuff\cmp105 - games programming\project\code\coursework\cmp105app\x64\debug\soundobject.obj
c:\users\jaasc\onedrive - abertay university\uni stuff\cmp105 - games programming\project\code\coursework\cmp105app\x64\debug\gameobject.obj
c:\users\jaasc\onedrive - abertay university\uni stuff\cmp105 - games programming\project\code\coursework\cmp105app\x64\debug\musicobject.obj
c:\users\jaasc\onedrive - abertay university\uni stuff\cmp105 - games programming\project\code\coursework\cmp105app\x64\debug\input.obj
c:\users\jaasc\onedrive - abertay university\uni stuff\cmp105 - games programming\project\code\coursework\cmp105app\x64\debug\weapon.obj
c:\users\jaasc\onedrive - abertay university\uni stuff\cmp105 - games programming\project\code\coursework\cmp105app\x64\debug\slot.obj
c:\users\jaasc\onedrive - abertay university\uni stuff\cmp105 - games programming\project\code\coursework\cmp105app\x64\debug\potion.obj
c:\users\jaasc\onedrive - abertay university\uni stuff\cmp105 - games programming\project\code\coursework\cmp105app\x64\debug\player.obj
c:\users\jaasc\onedrive - abertay university\uni stuff\cmp105 - games programming\project\code\coursework\cmp105app\x64\debug\cmp105app.tlog\cl.command.1.tlog
c:\users\jaasc\onedrive - abertay university\uni stuff\cmp105 - games programming\project\code\coursework\cmp105app\x64\debug\cmp105app.tlog\cl.read.1.tlog
c:\users\jaasc\onedrive - abertay university\uni stuff\cmp105 - games programming\project\code\coursework\cmp105app\x64\debug\cmp105app.tlog\cl.write.1.tlog
